<?xml version="1.0" encoding="UTF-8"?>
<testng-results ignored="0" total="1" passed="1" failed="0" skipped="0">
  <reporter-output>
  </reporter-output>
  <suite started-at="2026-06-12T16:27:41 IST" name="Default suite" finished-at="2026-06-12T16:27:47 IST" duration-ms="6257">
    <groups>
    </groups>
    <test started-at="2026-06-12T16:27:41 IST" name="Default test" finished-at="2026-06-12T16:27:47 IST" duration-ms="6257">
      <class name="com.qa.Delete.Deletevalidationtest">
        <test-method is-config="true" signature="setup()[pri:0, instance:com.qa.Delete.Deletevalidationtest@5656be13]" started-at="2026-06-12T16:27:41 IST" name="setup" finished-at="2026-06-12T16:27:46 IST" duration-ms="4780" status="PASS">
          <reporter-output>
          </reporter-output>
        </test-method> <!-- setup -->
        <test-method signature="requesttwochecktest()[pri:0, instance:com.qa.Delete.Deletevalidationtest@5656be13]" started-at="2026-06-12T16:27:46 IST" name="requesttwochecktest" finished-at="2026-06-12T16:27:47 IST" duration-ms="1358" status="PASS">
          <reporter-output>
          </reporter-output>
        </test-method> <!-- requesttwochecktest -->
        <test-method is-config="true" signature="teardown()[pri:0, instance:com.qa.Delete.Deletevalidationtest@5656be13]" started-at="2026-06-12T16:27:47 IST" name="teardown" finished-at="2026-06-12T16:27:47 IST" duration-ms="33" status="PASS">
          <reporter-output>
          </reporter-output>
        </test-method> <!-- teardown -->
      </class> <!-- com.qa.Delete.Deletevalidationtest -->
    </test> <!-- Default test -->
  </suite> <!-- Default suite -->
</testng-results>
