<?xml version="1.0" encoding="UTF-8"?>
<testng-results ignored="0" total="2" passed="2" failed="0" skipped="0">
  <reporter-output>
  </reporter-output>
  <suite started-at="2026-06-12T22:41:15 IST" name="Default suite" finished-at="2026-06-12T22:41:23 IST" duration-ms="7670">
    <groups>
    </groups>
    <test started-at="2026-06-12T22:41:15 IST" name="Default test" finished-at="2026-06-12T22:41:23 IST" duration-ms="7670">
      <class name="com.qa.token.Reusegeneratetoken">
        <test-method is-config="true" signature="setup()[pri:0, instance:com.qa.token.Reusegeneratetoken@5656be13]" started-at="2026-06-12T22:41:15 IST" name="setup" finished-at="2026-06-12T22:41:22 IST" duration-ms="6932" status="PASS">
          <reporter-output>
          </reporter-output>
        </test-method> <!-- setup -->
        <test-method signature="requesttwochecktest()[pri:1, instance:com.qa.token.Reusegeneratetoken@5656be13]" started-at="2026-06-12T22:41:22 IST" name="requesttwochecktest" finished-at="2026-06-12T22:41:22 IST" duration-ms="287" status="PASS">
          <reporter-output>
          </reporter-output>
        </test-method> <!-- requesttwochecktest -->
        <test-method signature="deletetest()[pri:2, instance:com.qa.token.Reusegeneratetoken@5656be13]" started-at="2026-06-12T22:41:22 IST" name="deletetest" finished-at="2026-06-12T22:41:23 IST" duration-ms="266" status="PASS">
          <reporter-output>
          </reporter-output>
        </test-method> <!-- deletetest -->
        <test-method is-config="true" signature="teardown()[pri:0, instance:com.qa.token.Reusegeneratetoken@5656be13]" started-at="2026-06-12T22:41:23 IST" name="teardown" finished-at="2026-06-12T22:41:23 IST" duration-ms="63" status="PASS">
          <reporter-output>
          </reporter-output>
        </test-method> <!-- teardown -->
      </class> <!-- com.qa.token.Reusegeneratetoken -->
    </test> <!-- Default test -->
  </suite> <!-- Default suite -->
</testng-results>
