<?xml version="1.0" encoding="UTF-8"?>
<!-- Generated by org.testng.reporters.JUnitReportReporter -->
<testsuite hostname="HEISRONE" failures="0" tests="2" name="com.qa.test.Getrequestsample" time="1.403" errors="0" timestamp="2026-06-09T19:07:55 IST" skipped="0">
  <testcase classname="com.qa.test.Getrequestsample" name="getRequestcheck1" time="1.218"/>
  <testcase classname="com.qa.test.Getrequestsample" name="queryparametercheck" time="0.185"/>
</testsuite> <!-- com.qa.test.Getrequestsample -->
