<?xml version="1.0" encoding="UTF-8"?>
<!-- Generated by org.testng.reporters.JUnitReportReporter -->
<testsuite hostname="HEISRONE" failures="0" tests="2" name="com.qa.token.Reusegeneratetoken" time="0.553" errors="0" timestamp="2026-06-12T22:41:23 IST" skipped="0">
  <testcase classname="com.qa.token.Reusegeneratetoken" name="requesttwochecktest" time="0.287"/>
  <testcase classname="com.qa.token.Reusegeneratetoken" name="deletetest" time="0.266"/>
</testsuite> <!-- com.qa.token.Reusegeneratetoken -->
